<?xml version="1.0" encoding="UTF-8"?>
<!-- Generated by org.testng.reporters.JUnitXMLReporter -->
<testsuite hostname="LAPTOP-5TUP006J" ignored="0" name="Command line test" tests="1" failures="0" timestamp="19 Jun 2017 00:15:49 GMT" time="0.032" errors="0">
  <testcase name="@BeforeTest loadApp" time="0.0" classname="com.Hotels.test.hotels_app.AutomationHotelTest">
    <failure type="org.testng.TestNGException" message="
Parameter &amp;apos;browser&amp;apos; is required by BeforeTest on method loadApp but has not been marked @Optional or defined
">
      <![CDATA[org.testng.TestNGException: 
Parameter 'browser' is required by BeforeTest on method loadApp but has not been marked @Optional or defined

... Removed 29 stack frames]]>
    </failure>
  </testcase> <!-- @BeforeTest loadApp -->
  <testcase name="@AfterTest exitingApp" time="0.0" classname="com.Hotels.test.hotels_app.AutomationHotelTest">
    <skipped/>
  </testcase> <!-- @AfterTest exitingApp -->
  <testcase name="testApp" time="0.0" classname="com.Hotels.test.hotels_app.AutomationHotelTest">
    <skipped/>
  </testcase> <!-- testApp -->
</testsuite> <!-- Command line test -->
